# JRE version: OpenJDK Runtime Environment Temurin-21.0.10+7 (21.0.10+7) (build 21.0.10+7-LTS)
# Java VM: OpenJDK 64-Bit Server VM Temurin-21.0.10+7 (21.0.10+7-LTS, mixed mode, sharing, tiered, compressed oops, compressed class ptrs, parallel gc, windows-amd64)
GC Precious Log:
 CardTable entry size: 512
 CPUs: 8 total, 8 available
 Memory: 16263M
 Large Page Support: Disabled
 NUMA Support: Disabled
 Compressed Oops: Enabled (32-bit)
 Alignments: Space 512K, Generation 512K, Heap 2M
 Heap Min Capacity: 100M
 Heap Initial Capacity: 100M
 Heap Max Capacity: 2G
 Pre-touch: Disabled
 Parallel Workers: 8
Heap:
 PSYoungGen      total 9728K, used 2570K [0x00000000d5580000, 0x00000000d6080000, 0x0000000100000000)
  eden space 9216K, 24% used [0x00000000d5580000,0x00000000d57b6ba0,0x00000000d5e80000)
  from space 512K, 59% used [0x00000000d6000000,0x00000000d604c010,0x00000000d6080000)
  to   space 1024K, 0% used [0x00000000d5e80000,0x00000000d5e80000,0x00000000d5f80000)
 ParOldGen       total 778240K, used 777984K [0x0000000080000000, 0x00000000af800000, 0x00000000d5580000)
  object space 778240K, 99% used [0x0000000080000000,0x00000000af7c03b8,0x00000000af800000)
 Metaspace       used 70530K, committed 72128K, reserved 1114112K
  class space    used 7543K, committed 8256K, reserved 1048576K
GC Heap History (20 events):
Event: 858.587 GC heap before
{Heap before GC invocations=1320 (full 3):
 PSYoungGen      total 9728K, used 9530K [0x00000000d5580000, 0x00000000d6100000, 0x0000000100000000)
  eden space 9216K, 100% used [0x00000000d5580000,0x00000000d5e80000,0x00000000d5e80000)
  from space 512K, 61% used [0x00000000d6080000,0x00000000d60ce900,0x00000000d6100000)
  to   space 512K, 0% used [0x00000000d6000000,0x00000000d6000000,0x00000000d6080000)
 ParOldGen       total 774656K, used 774636K [0x0000000080000000, 0x00000000af480000, 0x00000000d5580000)
  object space 774656K, 99% used [0x0000000080000000,0x00000000af47b0c8,0x00000000af480000)
 Metaspace       used 70176K, committed 71872K, reserved 1114112K
  class space    used 7520K, committed 8256K, reserved 1048576K
}
Event: 858.588 GC heap after
{Heap after GC invocations=1320 (full 3):
 PSYoungGen      total 9728K, used 423K [0x00000000d5580000, 0x00000000d6100000, 0x0000000100000000)
  eden space 9216K, 0% used [0x00000000d5580000,0x00000000d5580000,0x00000000d5e80000)
  from space 512K, 82% used [0x00000000d6000000,0x00000000d6069c68,0x00000000d6080000)
  to   space 512K, 0% used [0x00000000d6080000,0x00000000d6080000,0x00000000d6100000)
 ParOldGen       total 776192K, used 775560K [0x0000000080000000, 0x00000000af600000, 0x00000000d5580000)
  object space 776192K, 99% used [0x0000000080000000,0x00000000af5623d0,0x00000000af600000)
 Metaspace       used 70176K, committed 71872K, reserved 1114112K
  class space    used 7520K, committed 8256K, reserved 1048576K
}
Event: 858.603 GC heap before
{Heap before GC invocations=1321 (full 3):
 PSYoungGen      total 9728K, used 9639K [0x00000000d5580000, 0x00000000d6100000, 0x0000000100000000)
  eden space 9216K, 100% used [0x00000000d5580000,0x00000000d5e80000,0x00000000d5e80000)
  from space 512K, 82% used [0x00000000d6000000,0x00000000d6069c68,0x00000000d6080000)
  to   space 512K, 0% used [0x00000000d6080000,0x00000000d6080000,0x00000000d6100000)
 ParOldGen       total 776192K, used 775560K [0x0000000080000000, 0x00000000af600000, 0x00000000d5580000)
  object space 776192K, 99% used [0x0000000080000000,0x00000000af5623d0,0x00000000af600000)
 Metaspace       used 70176K, committed 71872K, reserved 1114112K
  class space    used 7520K, committed 8256K, reserved 1048576K
}
Event: 858.605 GC heap after
{Heap after GC invocations=1321 (full 3):
 PSYoungGen      total 9728K, used 512K [0x00000000d5580000, 0x00000000d6100000, 0x0000000100000000)
  eden space 9216K, 0% used [0x00000000d5580000,0x00000000d5580000,0x00000000d5e80000)
  from space 512K, 100% used [0x00000000d6080000,0x00000000d6100000,0x00000000d6100000)
  to   space 1024K, 0% used [0x00000000d5f00000,0x00000000d5f00000,0x00000000d6000000)
 ParOldGen       total 776192K, used 775915K [0x0000000080000000, 0x00000000af600000, 0x00000000d5580000)
  object space 776192K, 99% used [0x0000000080000000,0x00000000af5bafb0,0x00000000af600000)
 Metaspace       used 70176K, committed 71872K, reserved 1114112K
  class space    used 7520K, committed 8256K, reserved 1048576K
}
Event: 858.617 GC heap before
{Heap before GC invocations=1322 (full 3):
 PSYoungGen      total 9728K, used 9728K [0x00000000d5580000, 0x00000000d6100000, 0x0000000100000000)
  eden space 9216K, 100% used [0x00000000d5580000,0x00000000d5e80000,0x00000000d5e80000)
  from space 512K, 100% used [0x00000000d6080000,0x00000000d6100000,0x00000000d6100000)
  to   space 1024K, 0% used [0x00000000d5f00000,0x00000000d5f00000,0x00000000d6000000)
 ParOldGen       total 776192K, used 775915K [0x0000000080000000, 0x00000000af600000, 0x00000000d5580000)
  object space 776192K, 99% used [0x0000000080000000,0x00000000af5bafb0,0x00000000af600000)
 Metaspace       used 70176K, committed 71872K, reserved 1114112K
  class space    used 7520K, committed 8256K, reserved 1048576K
}
Event: 858.620 GC heap after
{Heap after GC invocations=1322 (full 3):
 PSYoungGen      total 10240K, used 512K [0x00000000d5580000, 0x00000000d6100000, 0x0000000100000000)
  eden space 9216K, 0% used [0x00000000d5580000,0x00000000d5580000,0x00000000d5e80000)
  from space 1024K, 50% used [0x00000000d5f00000,0x00000000d5f80000,0x00000000d6000000)
  to   space 1024K, 0% used [0x00000000d6000000,0x00000000d6000000,0x00000000d6100000)
 ParOldGen       total 776704K, used 776443K [0x0000000080000000, 0x00000000af680000, 0x00000000d5580000)
  object space 776704K, 99% used [0x0000000080000000,0x00000000af63efc0,0x00000000af680000)
 Metaspace       used 70176K, committed 71872K, reserved 1114112K
  class space    used 7520K, committed 8256K, reserved 1048576K
}
Event: 858.631 GC heap before
{Heap before GC invocations=1323 (full 3):
 PSYoungGen      total 10240K, used 9705K [0x00000000d5580000, 0x00000000d6100000, 0x0000000100000000)
  eden space 9216K, 99% used [0x00000000d5580000,0x00000000d5e7a448,0x00000000d5e80000)
  from space 1024K, 50% used [0x00000000d5f00000,0x00000000d5f80000,0x00000000d6000000)
  to   space 1024K, 0% used [0x00000000d6000000,0x00000000d6000000,0x00000000d6100000)
 ParOldGen       total 776704K, used 776443K [0x0000000080000000, 0x00000000af680000, 0x00000000d5580000)
  object space 776704K, 99% used [0x0000000080000000,0x00000000af63efc0,0x00000000af680000)
 Metaspace       used 70176K, committed 71872K, reserved 1114112K
  class space    used 7520K, committed 8256K, reserved 1048576K
}
Event: 858.634 GC heap after
{Heap after GC invocations=1323 (full 3):
 PSYoungGen      total 9728K, used 320K [0x00000000d5580000, 0x00000000d6080000, 0x0000000100000000)
  eden space 9216K, 0% used [0x00000000d5580000,0x00000000d5580000,0x00000000d5e80000)
  from space 512K, 62% used [0x00000000d6000000,0x00000000d6050000,0x00000000d6080000)
  to   space 512K, 0% used [0x00000000d5f80000,0x00000000d5f80000,0x00000000d6000000)
 ParOldGen       total 777216K, used 776792K [0x0000000080000000, 0x00000000af700000, 0x00000000d5580000)
  object space 777216K, 99% used [0x0000000080000000,0x00000000af696318,0x00000000af700000)
 Metaspace       used 70176K, committed 71872K, reserved 1114112K
  class space    used 7520K, committed 8256K, reserved 1048576K
}
Event: 858.648 GC heap before
{Heap before GC invocations=1324 (full 3):
 PSYoungGen      total 9728K, used 9536K [0x00000000d5580000, 0x00000000d6080000, 0x0000000100000000)
  eden space 9216K, 100% used [0x00000000d5580000,0x00000000d5e80000,0x00000000d5e80000)
  from space 512K, 62% used [0x00000000d6000000,0x00000000d6050000,0x00000000d6080000)
  to   space 512K, 0% used [0x00000000d5f80000,0x00000000d5f80000,0x00000000d6000000)
 ParOldGen       total 777216K, used 776792K [0x0000000080000000, 0x00000000af700000, 0x00000000d5580000)
  object space 777216K, 99% used [0x0000000080000000,0x00000000af696318,0x00000000af700000)
 Metaspace       used 70181K, committed 71872K, reserved 1114112K
  class space    used 7520K, committed 8256K, reserved 1048576K
}
Event: 858.649 GC heap after
{Heap after GC invocations=1324 (full 3):
 PSYoungGen      total 9728K, used 349K [0x00000000d5580000, 0x00000000d6080000, 0x0000000100000000)
  eden space 9216K, 0% used [0x00000000d5580000,0x00000000d5580000,0x00000000d5e80000)
  from space 512K, 68% used [0x00000000d5f80000,0x00000000d5fd76a8,0x00000000d6000000)
  to   space 512K, 0% used [0x00000000d6000000,0x00000000d6000000,0x00000000d6080000)
 ParOldGen       total 777216K, used 776992K [0x0000000080000000, 0x00000000af700000, 0x00000000d5580000)
  object space 777216K, 99% used [0x0000000080000000,0x00000000af6c8318,0x00000000af700000)
 Metaspace       used 70181K, committed 71872K, reserved 1114112K
  class space    used 7520K, committed 8256K, reserved 1048576K
}
Event: 858.666 GC heap before
{Heap before GC invocations=1325 (full 3):
 PSYoungGen      total 9728K, used 9565K [0x00000000d5580000, 0x00000000d6080000, 0x0000000100000000)
  eden space 9216K, 100% used [0x00000000d5580000,0x00000000d5e80000,0x00000000d5e80000)
  from space 512K, 68% used [0x00000000d5f80000,0x00000000d5fd76a8,0x00000000d6000000)
  to   space 512K, 0% used [0x00000000d6000000,0x00000000d6000000,0x00000000d6080000)
 ParOldGen       total 777216K, used 776992K [0x0000000080000000, 0x00000000af700000, 0x00000000d5580000)
  object space 777216K, 99% used [0x0000000080000000,0x00000000af6c8318,0x00000000af700000)
 Metaspace       used 70181K, committed 71872K, reserved 1114112K
  class space    used 7520K, committed 8256K, reserved 1048576K
}
Event: 858.668 GC heap after
{Heap after GC invocations=1325 (full 3):
 PSYoungGen      total 9728K, used 224K [0x00000000d5580000, 0x00000000d6080000, 0x0000000100000000)
  eden space 9216K, 0% used [0x00000000d5580000,0x00000000d5580000,0x00000000d5e80000)
  from space 512K, 43% used [0x00000000d6000000,0x00000000d6038000,0x00000000d6080000)
  to   space 512K, 0% used [0x00000000d5f80000,0x00000000d5f80000,0x00000000d6000000)
 ParOldGen       total 777216K, used 777040K [0x0000000080000000, 0x00000000af700000, 0x00000000d5580000)
  object space 777216K, 99% used [0x0000000080000000,0x00000000af6d4318,0x00000000af700000)
 Metaspace       used 70181K, committed 71872K, reserved 1114112K
  class space    used 7520K, committed 8256K, reserved 1048576K
}
Event: 858.740 GC heap before
{Heap before GC invocations=1326 (full 3):
 PSYoungGen      total 9728K, used 9189K [0x00000000d5580000, 0x00000000d6080000, 0x0000000100000000)
  eden space 9216K, 97% used [0x00000000d5580000,0x00000000d5e41570,0x00000000d5e80000)
  from space 512K, 43% used [0x00000000d6000000,0x00000000d6038000,0x00000000d6080000)
  to   space 512K, 0% used [0x00000000d5f80000,0x00000000d5f80000,0x00000000d6000000)
 ParOldGen       total 777216K, used 777040K [0x0000000080000000, 0x00000000af700000, 0x00000000d5580000)
  object space 777216K, 99% used [0x0000000080000000,0x00000000af6d4318,0x00000000af700000)
 Metaspace       used 70192K, committed 71872K, reserved 1114112K
  class space    used 7520K, committed 8256K, reserved 1048576K
}
Event: 858.743 GC heap after
{Heap after GC invocations=1326 (full 3):
 PSYoungGen      total 9728K, used 384K [0x00000000d5580000, 0x00000000d6080000, 0x0000000100000000)
  eden space 9216K, 0% used [0x00000000d5580000,0x00000000d5580000,0x00000000d5e80000)
  from space 512K, 75% used [0x00000000d5f80000,0x00000000d5fe0020,0x00000000d6000000)
  to   space 512K, 0% used [0x00000000d6000000,0x00000000d6000000,0x00000000d6080000)
 ParOldGen       total 777216K, used 777104K [0x0000000080000000, 0x00000000af700000, 0x00000000d5580000)
  object space 777216K, 99% used [0x0000000080000000,0x00000000af6e4318,0x00000000af700000)
 Metaspace       used 70192K, committed 71872K, reserved 1114112K
  class space    used 7520K, committed 8256K, reserved 1048576K
}
Event: 858.956 GC heap before
{Heap before GC invocations=1327 (full 3):
 PSYoungGen      total 9728K, used 9600K [0x00000000d5580000, 0x00000000d6080000, 0x0000000100000000)
  eden space 9216K, 100% used [0x00000000d5580000,0x00000000d5e80000,0x00000000d5e80000)
  from space 512K, 75% used [0x00000000d5f80000,0x00000000d5fe0020,0x00000000d6000000)
  to   space 512K, 0% used [0x00000000d6000000,0x00000000d6000000,0x00000000d6080000)
 ParOldGen       total 777216K, used 777104K [0x0000000080000000, 0x00000000af700000, 0x00000000d5580000)
  object space 777216K, 99% used [0x0000000080000000,0x00000000af6e4318,0x00000000af700000)
 Metaspace       used 70197K, committed 71872K, reserved 1114112K
  class space    used 7520K, committed 8256K, reserved 1048576K
}
Event: 858.958 GC heap after
{Heap after GC invocations=1327 (full 3):
 PSYoungGen      total 9728K, used 256K [0x00000000d5580000, 0x00000000d6080000, 0x0000000100000000)
  eden space 9216K, 0% used [0x00000000d5580000,0x00000000d5580000,0x00000000d5e80000)
  from space 512K, 50% used [0x00000000d6000000,0x00000000d6040000,0x00000000d6080000)
  to   space 512K, 0% used [0x00000000d5f80000,0x00000000d5f80000,0x00000000d6000000)
 ParOldGen       total 777728K, used 777264K [0x0000000080000000, 0x00000000af780000, 0x00000000d5580000)
  object space 777728K, 99% used [0x0000000080000000,0x00000000af70c358,0x00000000af780000)
 Metaspace       used 70197K, committed 71872K, reserved 1114112K
  class space    used 7520K, committed 8256K, reserved 1048576K
}
Event: 859.209 GC heap before
{Heap before GC invocations=1328 (full 3):
 PSYoungGen      total 9728K, used 9364K [0x00000000d5580000, 0x00000000d6080000, 0x0000000100000000)
  eden space 9216K, 98% used [0x00000000d5580000,0x00000000d5e65180,0x00000000d5e80000)
  from space 512K, 50% used [0x00000000d6000000,0x00000000d6040000,0x00000000d6080000)
  to   space 512K, 0% used [0x00000000d5f80000,0x00000000d5f80000,0x00000000d6000000)
 ParOldGen       total 777728K, used 777264K [0x0000000080000000, 0x00000000af780000, 0x00000000d5580000)
  object space 777728K, 99% used [0x0000000080000000,0x00000000af70c358,0x00000000af780000)
 Metaspace       used 70301K, committed 72000K, reserved 1114112K
  class space    used 7525K, committed 8256K, reserved 1048576K
}
Event: 859.211 GC heap after
{Heap after GC invocations=1328 (full 3):
 PSYoungGen      total 9728K, used 496K [0x00000000d5580000, 0x00000000d6180000, 0x0000000100000000)
  eden space 9216K, 0% used [0x00000000d5580000,0x00000000d5580000,0x00000000d5e80000)
  from space 512K, 97% used [0x00000000d5f80000,0x00000000d5ffc3f8,0x00000000d6000000)
  to   space 1536K, 0% used [0x00000000d6000000,0x00000000d6000000,0x00000000d6180000)
 ParOldGen       total 777728K, used 777696K [0x0000000080000000, 0x00000000af780000, 0x00000000d5580000)
  object space 777728K, 99% used [0x0000000080000000,0x00000000af7783a8,0x00000000af780000)
 Metaspace       used 70301K, committed 72000K, reserved 1114112K
  class space    used 7525K, committed 8256K, reserved 1048576K
}
Event: 859.281 GC heap before
{Heap before GC invocations=1329 (full 3):
 PSYoungGen      total 9728K, used 9712K [0x00000000d5580000, 0x00000000d6180000, 0x0000000100000000)
  eden space 9216K, 100% used [0x00000000d5580000,0x00000000d5e80000,0x00000000d5e80000)
  from space 512K, 97% used [0x00000000d5f80000,0x00000000d5ffc3f8,0x00000000d6000000)
  to   space 1536K, 0% used [0x00000000d6000000,0x00000000d6000000,0x00000000d6180000)
 ParOldGen       total 777728K, used 777696K [0x0000000080000000, 0x00000000af780000, 0x00000000d5580000)
  object space 777728K, 99% used [0x0000000080000000,0x00000000af7783a8,0x00000000af780000)
 Metaspace       used 70488K, committed 72128K, reserved 1114112K
  class space    used 7543K, committed 8256K, reserved 1048576K
}
Event: 859.283 GC heap after
{Heap after GC invocations=1329 (full 3):
 PSYoungGen      total 9728K, used 304K [0x00000000d5580000, 0x00000000d6080000, 0x0000000100000000)
  eden space 9216K, 0% used [0x00000000d5580000,0x00000000d5580000,0x00000000d5e80000)
  from space 512K, 59% used [0x00000000d6000000,0x00000000d604c010,0x00000000d6080000)
  to   space 1024K, 0% used [0x00000000d5e80000,0x00000000d5e80000,0x00000000d5f80000)
 ParOldGen       total 778240K, used 777984K [0x0000000080000000, 0x00000000af800000, 0x00000000d5580000)
  object space 778240K, 99% used [0x0000000080000000,0x00000000af7c03b8,0x00000000af800000)
 Metaspace       used 70488K, committed 72128K, reserved 1114112K
  class space    used 7543K, committed 8256K, reserved 1048576K
}

